<?xml version='1.0' encoding='UTF-8'?>
<testsuite hostname="W540" name="funsets.FunSetSuite" tests="9" errors="0" failures="0" time="0.037">
                     <properties>
[...]
</properties>
                     <testcase classname="funsets.FunSetSuite" name="contains is implemented" time="0.009">
                                                 
                                               </testcase><testcase classname="funsets.FunSetSuite" name="singletonSet(1) contains 1" time="0.001">
                                                 
                                               </testcase><testcase classname="funsets.FunSetSuite" name="union contains all elements of each set" time="0.001">
                                                 
                                               </testcase><testcase classname="funsets.FunSetSuite" name="intersect contains all elements that is in either s or t" time="0.001">
                                                 
                                               </testcase><testcase classname="funsets.FunSetSuite" name="diff contains all elements in s but not in t" time="0.001">
                                                 
                                               </testcase><testcase classname="funsets.FunSetSuite" name="Filter contains all elements of s that obey p" time="0.001">
                                                 
                                               </testcase><testcase classname="funsets.FunSetSuite" name="forall contains all elements of each set" time="0.001">
                                                 
                                               </testcase><testcase classname="funsets.FunSetSuite" name="exists contains all elements of each set" time="0.001">
                                                 
                                               </testcase><testcase classname="funsets.FunSetSuite" name="map contains all elements of each set" time="0.021">
                                                 
                                               </testcase>
                     <system-out></system-out>
                     <system-err></system-err>
                   </testsuite>